[17:23:55][lexer.cpp:71]: File 'mod/humble2.mod' should be in utf8-bom encoding (will try to use it anyways)
[17:23:55][lexer.cpp:71]: File 'mod/humble2.mod' should be in utf8-bom encoding (will try to use it anyways)
[17:24:21][persistent.cpp:35]: Error: "Malformed token: 20, near line: 23
Malformed token: 20, near line: 24
" in file: "history/states/622-China 19.txt" near line: 41
[17:24:22][effect.cpp:211]: Error: "Unexpected token: hostility_reason, near line: 74
" in file: "history/countries/PRC - ComChina.txt" near line: 75
[17:24:26][effect.cpp:211]: Error: "Unexpected token: hostility_reason, near line: 74
" in file: "history/countries/PRC - ComChina.txt" near line: 75
[17:24:26][pdx_achievements.cpp:446]: Invalid achievement: friend_in_need
[17:24:26][pdx_achievements.cpp:446]: Invalid achievement: time_is_on_our_side
[17:24:26][pdx_achievements.cpp:446]: Invalid achievement: canada_first
[17:24:26][pdx_achievements.cpp:446]: Invalid achievement: we_will_build_it_in_a_day
[17:24:26][pdx_achievements.cpp:446]: Invalid achievement: transport_tycoon
[17:24:26][pdx_achievements.cpp:446]: Invalid achievement: destroyer_of_worlds
[17:24:26][pdx_achievements.cpp:446]: Invalid achievement: wunderwaffen
[17:24:26][pdx_achievements.cpp:446]: Invalid achievement: united_netherlands
[17:24:26][pdx_achievements.cpp:446]: Invalid achievement: vive_la_france
[17:24:26][pdx_achievements.cpp:446]: Invalid achievement: master_of_war
[17:24:26][pdx_achievements.cpp:446]: Invalid achievement: mine_is_bigger_than_yours
[17:24:26][pdx_achievements.cpp:446]: Invalid achievement: no_country_for_old_men
[17:24:26][pdx_achievements.cpp:446]: Invalid achievement: poland_can_into_space
[17:24:26][pdx_achievements.cpp:446]: Invalid achievement: true_blitzkrieg
[17:24:26][pdx_achievements.cpp:446]: Invalid achievement: northern_light
[17:24:26][pdx_achievements.cpp:446]: Invalid achievement: nobody_expects
[17:24:26][pdx_achievements.cpp:446]: Invalid achievement: the_bell_tolls_for_us
[17:24:26][pdx_achievements.cpp:446]: Invalid achievement: the_revolution_triumphant
[17:24:26][pdx_achievements.cpp:446]: Invalid achievement: once_more_mate
[17:24:26][pdx_achievements.cpp:446]: Invalid achievement: forge_of_victory
[17:24:26][pdx_achievements.cpp:446]: Invalid achievement: sunset_invasion
[17:24:26][pdx_achievements.cpp:446]: Invalid achievement: duce_nukedem
[17:24:26][pdx_achievements.cpp:446]: Invalid achievement: operation_sealion
[17:24:26][pdx_achievements.cpp:446]: Invalid achievement: one_empire
[17:24:26][pdx_achievements.cpp:446]: Invalid achievement: party_like_its_1520
[17:24:26][pdx_achievements.cpp:446]: Invalid achievement: med_plutonium
[17:24:26][pdx_achievements.cpp:446]: Invalid achievement: montezumas_revenge
[17:24:26][pdx_achievements.cpp:446]: Invalid achievement: big_entente
[17:24:26][pdx_achievements.cpp:446]: Invalid achievement: new_world_order
[17:24:26][pdx_achievements.cpp:446]: Invalid achievement: vojtek_commander
[17:24:26][pdx_achievements.cpp:446]: Invalid achievement: brains
[17:24:26][pdx_achievements.cpp:446]: Invalid achievement: district_9
[17:24:26][pdx_achievements.cpp:446]: Invalid achievement: our_words_are_backed
[17:24:26][pdx_achievements.cpp:446]: Invalid achievement: crusader_kings
[17:24:26][pdx_achievements.cpp:446]: Invalid achievement: crusader_kings_2
[17:24:26][pdx_achievements.cpp:446]: Invalid achievement: rule_britannia
[17:24:26][pdx_achievements.cpp:446]: Invalid achievement: cut_the_strings
[17:24:26][pdx_achievements.cpp:446]: Invalid achievement: its_1812_all_over_again
[17:24:26][pdx_achievements.cpp:446]: Invalid achievement: the_weapons_of_the_third_emu_war
[17:24:26][pdx_achievements.cpp:446]: Invalid achievement: i_am_the_tong_master
[17:24:26][pdx_achievements.cpp:446]: Invalid achievement: the_empire_strikes_back
[17:24:26][pdx_achievements.cpp:446]: Invalid achievement: the_puppetmaster
[17:24:26][pdx_achievements.cpp:446]: Invalid achievement: freegypt
[17:24:26][pdx_achievements.cpp:446]: Invalid achievement: miklos_horthy_and_the_habsburg_prince
[17:24:26][pdx_achievements.cpp:446]: Invalid achievement: better_than_the_szent_istvan
[17:24:26][pdx_achievements.cpp:446]: Invalid achievement: death_or_dishonor_or_cake
[17:24:26][pdx_achievements.cpp:446]: Invalid achievement: neither_death_nor_dishonor
[17:24:26][pdx_achievements.cpp:446]: Invalid achievement: the_munich_disagreement
[17:24:26][pdx_achievements.cpp:446]: Invalid achievement: czechmate
[17:24:26][pdx_achievements.cpp:446]: Invalid achievement: huge_oslavia
[17:24:26][pdx_achievements.cpp:446]: Invalid achievement: the_balkan_powder_keg
[17:24:26][pdx_achievements.cpp:446]: Invalid achievement: en_svensk_tiger
[17:24:26][pdx_achievements.cpp:446]: Invalid achievement: lethal_straight
[17:24:26][pdx_achievements.cpp:446]: Invalid achievement: awake_and_angry
[17:24:26][pdx_achievements.cpp:446]: Invalid achievement: romance_of_the_three_kingdoms
[17:24:26][pdx_achievements.cpp:446]: Invalid achievement: sun_tzu_reborn
[17:24:26][pdx_achievements.cpp:446]: Invalid achievement: the_people_have_stood_up
[17:24:26][pdx_achievements.cpp:446]: Invalid achievement: made_in_china
[17:24:26][pdx_achievements.cpp:446]: Invalid achievement: tojo_shot_first
[17:24:26][pdx_achievements.cpp:446]: Invalid achievement: sunrise_invasion
[17:24:26][pdx_achievements.cpp:446]: Invalid achievement: the_dragon_swallowed_the_sun
[17:24:26][pdx_achievements.cpp:446]: Invalid achievement: hail_to_the_qing
[17:24:26][pdx_achievements.cpp:446]: Invalid achievement: the_good_the_bad_and_the_weird
[17:24:26][pdx_achievements.cpp:446]: Invalid achievement: battlecry
[17:24:26][pdx_achievements.cpp:446]: Invalid achievement: panda_monium
[17:24:26][pdx_achievements.cpp:446]: Invalid achievement: make_a_man_out_of_you
[17:24:26][pdx_achievements.cpp:446]: Invalid achievement: monarchy_is_back_in_fashion
[17:24:26][pdx_achievements.cpp:446]: Invalid achievement: our_other_place_in_the_sun
[17:24:26][pdx_achievements.cpp:446]: Invalid achievement: australia_hungary
[17:24:26][pdx_achievements.cpp:446]: Invalid achievement: my_ships_dont_lie
[17:24:26][pdx_achievements.cpp:446]: Invalid achievement: i_swear_im_not_a_byzantophile
