[16:52:58][systemsettings.cpp:158]: OS: Windows 7 x86_64
[16:52:58][systemsettings.cpp:159]: OS Lang: zhService Pack 1
[16:52:58][systemsettings.cpp:160]: CPU Model: Intel(R) Core(TM) i7 CPU       M 620  @ 2.67GHz
[16:52:58][systemsettings.cpp:161]: Number of cores: 2 (4)
[16:52:58][systemsettings.cpp:162]: Estimated CPU speed: 2660MHz
[16:52:58][systemsettings.cpp:163]: System memory: 8051MB
[16:52:58][gfx_dx9.cpp:3986]: Loading settings for adapter -1, fullscreen=0, multisample=15
[16:52:58][gfx_dx9.cpp:4008]: Graphic Adapters: 
[16:52:58][gfx_dx9.cpp:4016]: 	0: NVIDIA NVS 3100M     
[16:52:58][gfx_dx9.cpp:4035]: Using Adapter [0] to check for multi-sampling support:
[16:52:58][gfx_dx9.cpp:4053]: Using Adapter [0]:
[16:52:58][gfx_dx9.cpp:4059]: Succeeded to create a device [D3DCREATE_HARDWARE_VERTEXPROCESSING].
[16:52:58][gfx_dx9.cpp:4098]: Graphics device: NVIDIA NVS 3100M     
[16:52:58][gfx_dx9.cpp:4099]: Graphics driver: nvd3dum.dll
[16:52:58][gfx_dx9.cpp:4100]: Driver version: 4144
[16:52:58][gfx_dx9.cpp:4115]: 


Dumping all gfx info:
DeviceIdentifier:	{D7B71E3E-492C-11CF-2A64-DA011FC2C435}
VendorId:	4318
DeviceId:	2668
SubSysId:	567744426
Revision:	162
DriverVersion.HighPart:	589842
DriverVersion.LowPart:	856112


[16:52:58][gfx_dx9.cpp:4135]: Instancing supported.
[16:52:58][gfx_dx9.cpp:4184]: Video memory amount: 4046MB
[16:52:58][gfx_dx9.cpp:4185]: MaxSimultaneousTextures: 8
[16:52:58][gfx_dx9.cpp:4186]: MaxVertexBlendMatrices: 4
[16:52:58][gfx_dx9.cpp:4187]: MaxVertexBlendMatrixIndex: 8
[16:52:58][gfx_dx9.cpp:4188]: MaxSimultaneousTextures: 8
[16:52:58][gfx_dx9.cpp:4189]: MaxTextureBlendStages: 8
[16:52:58][gfx_dx9.cpp:4190]: MaxTextureWidth: 8192
[16:52:58][gfx_dx9.cpp:4191]: MaxTextureHeight: 8192
[16:52:58][gfx_dx9.cpp:4194]: Vertex Shader version: 3.0
[16:52:58][gfx_dx9.cpp:4199]: Pixel Shader version: 3.0
[16:52:58][graphicssettings.cpp:184]: 	2 samples supported.
[16:52:58][graphicssettings.cpp:184]: 	4 samples supported.
[16:52:58][graphicssettings.cpp:184]: 	8 samples supported.
[16:52:58][graphicssettings.cpp:216]: Support for Anisotropic filtering found.
[16:52:58][graphicssettings.cpp:219]: 	Max Anisotropic filtering supported: 16
[16:52:58][graphicssettings.cpp:220]: 	Anisotropic filtering set to: 4
[16:53:03][gfx_dx9.cpp:3986]: Loading settings for adapter -1, fullscreen=0, multisample=15
[16:53:03][gfx_dx9.cpp:4008]: Graphic Adapters: 
[16:53:03][gfx_dx9.cpp:4016]: 	0: NVIDIA NVS 3100M     
[16:53:03][gfx_dx9.cpp:4035]: Using Adapter [0] to check for multi-sampling support:
[16:53:03][gfx_dx9.cpp:4053]: Using Adapter [0]:
[16:53:03][gfx_dx9.cpp:4059]: Succeeded to create a device [D3DCREATE_HARDWARE_VERTEXPROCESSING].
[16:53:03][gfx_dx9.cpp:4098]: Graphics device: NVIDIA NVS 3100M     
[16:53:03][gfx_dx9.cpp:4099]: Graphics driver: nvd3dum.dll
[16:53:03][gfx_dx9.cpp:4100]: Driver version: 4144
[16:53:03][gfx_dx9.cpp:4115]: 


Dumping all gfx info:
DeviceIdentifier:	{D7B71E3E-492C-11CF-2A64-DA011FC2C435}
VendorId:	4318
DeviceId:	2668
SubSysId:	567744426
Revision:	162
DriverVersion.HighPart:	589842
DriverVersion.LowPart:	856112


[16:53:03][gfx_dx9.cpp:4135]: Instancing supported.
[16:53:03][gfx_dx9.cpp:4184]: Video memory amount: 4046MB
[16:53:03][gfx_dx9.cpp:4185]: MaxSimultaneousTextures: 8
[16:53:03][gfx_dx9.cpp:4186]: MaxVertexBlendMatrices: 4
[16:53:03][gfx_dx9.cpp:4187]: MaxVertexBlendMatrixIndex: 8
[16:53:03][gfx_dx9.cpp:4188]: MaxSimultaneousTextures: 8
[16:53:03][gfx_dx9.cpp:4189]: MaxTextureBlendStages: 8
[16:53:03][gfx_dx9.cpp:4190]: MaxTextureWidth: 8192
[16:53:03][gfx_dx9.cpp:4191]: MaxTextureHeight: 8192
[16:53:03][gfx_dx9.cpp:4194]: Vertex Shader version: 3.0
[16:53:03][gfx_dx9.cpp:4199]: Pixel Shader version: 3.0
[16:53:03][graphicssettings.cpp:184]: 	2 samples supported.
[16:53:03][graphicssettings.cpp:184]: 	4 samples supported.
[16:53:03][graphicssettings.cpp:184]: 	8 samples supported.
[16:53:03][graphicssettings.cpp:216]: Support for Anisotropic filtering found.
[16:53:03][graphicssettings.cpp:219]: 	Max Anisotropic filtering supported: 16
[16:53:03][graphicssettings.cpp:220]: 	Anisotropic filtering set to: 4
[16:53:03][graphicssettings.cpp:756]: Not using multisampling.
[16:53:03][graphics.cpp:900]: Creating device with: HARDWARE_VERTEXPROCESSING
	Fullscreen=no
	Resolution=1000x600
[16:53:03][graphicssettings.cpp:715]: Usable res: 640 480 60
[16:53:03][graphicssettings.cpp:715]: Usable res: 640 480 70
[16:53:03][graphicssettings.cpp:715]: Usable res: 640 480 72
[16:53:03][graphicssettings.cpp:715]: Usable res: 640 480 75
[16:53:03][graphicssettings.cpp:715]: Usable res: 768 480 60
[16:53:03][graphicssettings.cpp:715]: Usable res: 768 480 70
[16:53:03][graphicssettings.cpp:715]: Usable res: 768 480 72
[16:53:03][graphicssettings.cpp:715]: Usable res: 768 480 75
[16:53:03][graphicssettings.cpp:715]: Usable res: 800 600 60
[16:53:03][graphicssettings.cpp:715]: Usable res: 800 600 70
[16:53:03][graphicssettings.cpp:715]: Usable res: 800 600 72
[16:53:03][graphicssettings.cpp:715]: Usable res: 800 600 75
[16:53:03][graphicssettings.cpp:715]: Usable res: 800 600 56
[16:53:03][graphicssettings.cpp:715]: Usable res: 960 600 60
[16:53:03][graphicssettings.cpp:715]: Usable res: 960 600 70
[16:53:03][graphicssettings.cpp:715]: Usable res: 960 600 72
[16:53:03][graphicssettings.cpp:715]: Usable res: 960 600 75
[16:53:03][graphicssettings.cpp:715]: Usable res: 1024 768 60
[16:53:03][graphicssettings.cpp:715]: Usable res: 1024 768 70
[16:53:03][graphicssettings.cpp:715]: Usable res: 1024 768 72
[16:53:03][graphicssettings.cpp:715]: Usable res: 1024 768 75
[16:53:03][graphicssettings.cpp:715]: Usable res: 1280 720 60
[16:53:03][graphicssettings.cpp:715]: Usable res: 1280 720 70
[16:53:03][graphicssettings.cpp:715]: Usable res: 1280 720 72
[16:53:03][graphicssettings.cpp:715]: Usable res: 1280 720 75
[16:53:03][graphicssettings.cpp:715]: Usable res: 1280 768 60
[16:53:03][graphicssettings.cpp:715]: Usable res: 1280 768 70
[16:53:03][graphicssettings.cpp:715]: Usable res: 1280 768 72
[16:53:03][graphicssettings.cpp:715]: Usable res: 1280 768 75
[16:53:03][graphicssettings.cpp:715]: Usable res: 1280 800 60
[16:53:03][graphicssettings.cpp:715]: Usable res: 1280 800 70
[16:53:03][graphicssettings.cpp:715]: Usable res: 1280 800 72
[16:53:03][graphicssettings.cpp:715]: Usable res: 1280 800 75
[16:53:03][graphicssettings.cpp:715]: Usable res: 1280 1024 60
[16:53:03][graphicssettings.cpp:715]: Usable res: 1280 1024 70
[16:53:03][graphicssettings.cpp:715]: Usable res: 1280 1024 72
[16:53:03][graphicssettings.cpp:715]: Usable res: 1280 1024 75
[16:53:03][graphicssettings.cpp:715]: Usable res: 1440 900 60
[16:53:03][graphicssettings.cpp:715]: Usable res: 1600 900 60
[16:53:03][graphicssettings.cpp:715]: Usable res: 1680 1050 59
[16:53:03][graphicssettings.cpp:715]: Usable res: 1680 1050 60
[16:53:03][graphicssettings.cpp:715]: Usable res: 1920 1080 60
[16:53:03][graphicssettings.cpp:715]: Usable res: 1152 864 75
[16:53:03][graphics.cpp:934]: Done creating device.
[16:53:04][graphicssettings.cpp:715]: Usable res: 640 480 60
[16:53:04][graphicssettings.cpp:715]: Usable res: 640 480 70
[16:53:04][graphicssettings.cpp:715]: Usable res: 640 480 72
[16:53:04][graphicssettings.cpp:715]: Usable res: 640 480 75
[16:53:04][graphicssettings.cpp:715]: Usable res: 768 480 60
[16:53:04][graphicssettings.cpp:715]: Usable res: 768 480 70
[16:53:04][graphicssettings.cpp:715]: Usable res: 768 480 72
[16:53:04][graphicssettings.cpp:715]: Usable res: 768 480 75
[16:53:04][graphicssettings.cpp:715]: Usable res: 800 600 60
[16:53:04][graphicssettings.cpp:715]: Usable res: 800 600 70
[16:53:04][graphicssettings.cpp:715]: Usable res: 800 600 72
[16:53:04][graphicssettings.cpp:715]: Usable res: 800 600 75
[16:53:04][graphicssettings.cpp:715]: Usable res: 800 600 56
[16:53:04][graphicssettings.cpp:715]: Usable res: 960 600 60
[16:53:04][graphicssettings.cpp:715]: Usable res: 960 600 70
[16:53:04][graphicssettings.cpp:715]: Usable res: 960 600 72
[16:53:04][graphicssettings.cpp:715]: Usable res: 960 600 75
[16:53:04][graphicssettings.cpp:715]: Usable res: 1024 768 60
[16:53:04][graphicssettings.cpp:715]: Usable res: 1024 768 70
[16:53:04][graphicssettings.cpp:715]: Usable res: 1024 768 72
[16:53:04][graphicssettings.cpp:715]: Usable res: 1024 768 75
[16:53:04][graphicssettings.cpp:715]: Usable res: 1280 720 60
[16:53:04][graphicssettings.cpp:715]: Usable res: 1280 720 70
[16:53:04][graphicssettings.cpp:715]: Usable res: 1280 720 72
[16:53:04][graphicssettings.cpp:715]: Usable res: 1280 720 75
[16:53:04][graphicssettings.cpp:715]: Usable res: 1280 768 60
[16:53:04][graphicssettings.cpp:715]: Usable res: 1280 768 70
[16:53:04][graphicssettings.cpp:715]: Usable res: 1280 768 72
[16:53:04][graphicssettings.cpp:715]: Usable res: 1280 768 75
[16:53:04][graphicssettings.cpp:715]: Usable res: 1280 800 60
[16:53:04][graphicssettings.cpp:715]: Usable res: 1280 800 70
[16:53:04][graphicssettings.cpp:715]: Usable res: 1280 800 72
[16:53:04][graphicssettings.cpp:715]: Usable res: 1280 800 75
[16:53:04][graphicssettings.cpp:715]: Usable res: 1280 1024 60
[16:53:04][graphicssettings.cpp:715]: Usable res: 1280 1024 70
[16:53:04][graphicssettings.cpp:715]: Usable res: 1280 1024 72
[16:53:04][graphicssettings.cpp:715]: Usable res: 1280 1024 75
[16:53:04][graphicssettings.cpp:715]: Usable res: 1440 900 60
[16:53:04][graphicssettings.cpp:715]: Usable res: 1600 900 60
[16:53:04][graphicssettings.cpp:715]: Usable res: 1680 1050 59
[16:53:04][graphicssettings.cpp:715]: Usable res: 1680 1050 60
[16:53:04][graphicssettings.cpp:715]: Usable res: 1920 1080 60
[16:53:04][graphicssettings.cpp:715]: Usable res: 1152 864 75
[16:53:51][main.cpp:1260]: Text database created
[16:53:51][main.cpp:1275]: Creating application...
[16:53:51][gameapplication.cpp:789]: Initializing application...
[16:53:55][gameapplication.cpp:794]: Done initializing application
[16:53:55][gameapplication.cpp:797]: Loading cursor...
[16:53:55][graphicssettings.cpp:746]: Using multisampling: 4
[16:53:55][graphics.cpp:900]: Creating device with: HARDWARE_VERTEXPROCESSING
	Fullscreen=no
	Resolution=1920x1080
[16:53:55][graphicssettings.cpp:715]: Usable res: 640 480 60
[16:53:55][graphicssettings.cpp:715]: Usable res: 640 480 70
[16:53:55][graphicssettings.cpp:715]: Usable res: 640 480 72
[16:53:55][graphicssettings.cpp:715]: Usable res: 640 480 75
[16:53:55][graphicssettings.cpp:715]: Usable res: 768 480 60
[16:53:55][graphicssettings.cpp:715]: Usable res: 768 480 70
[16:53:55][graphicssettings.cpp:715]: Usable res: 768 480 72
[16:53:55][graphicssettings.cpp:715]: Usable res: 768 480 75
[16:53:55][graphicssettings.cpp:715]: Usable res: 800 600 60
[16:53:55][graphicssettings.cpp:715]: Usable res: 800 600 70
[16:53:55][graphicssettings.cpp:715]: Usable res: 800 600 72
[16:53:55][graphicssettings.cpp:715]: Usable res: 800 600 75
[16:53:55][graphicssettings.cpp:715]: Usable res: 800 600 56
[16:53:55][graphicssettings.cpp:715]: Usable res: 960 600 60
[16:53:55][graphicssettings.cpp:715]: Usable res: 960 600 70
[16:53:55][graphicssettings.cpp:715]: Usable res: 960 600 72
[16:53:55][graphicssettings.cpp:715]: Usable res: 960 600 75
[16:53:55][graphicssettings.cpp:715]: Usable res: 1024 768 60
[16:53:55][graphicssettings.cpp:715]: Usable res: 1024 768 70
[16:53:55][graphicssettings.cpp:715]: Usable res: 1024 768 72
[16:53:55][graphicssettings.cpp:715]: Usable res: 1024 768 75
[16:53:55][graphicssettings.cpp:715]: Usable res: 1280 720 60
[16:53:55][graphicssettings.cpp:715]: Usable res: 1280 720 70
[16:53:55][graphicssettings.cpp:715]: Usable res: 1280 720 72
[16:53:55][graphicssettings.cpp:715]: Usable res: 1280 720 75
[16:53:55][graphicssettings.cpp:715]: Usable res: 1280 768 60
[16:53:55][graphicssettings.cpp:715]: Usable res: 1280 768 70
[16:53:55][graphicssettings.cpp:715]: Usable res: 1280 768 72
[16:53:55][graphicssettings.cpp:715]: Usable res: 1280 768 75
[16:53:55][graphicssettings.cpp:715]: Usable res: 1280 800 60
[16:53:55][graphicssettings.cpp:715]: Usable res: 1280 800 70
[16:53:55][graphicssettings.cpp:715]: Usable res: 1280 800 72
[16:53:55][graphicssettings.cpp:715]: Usable res: 1280 800 75
[16:53:55][graphicssettings.cpp:715]: Usable res: 1280 1024 60
[16:53:55][graphicssettings.cpp:715]: Usable res: 1280 1024 70
[16:53:55][graphicssettings.cpp:715]: Usable res: 1280 1024 72
[16:53:55][graphicssettings.cpp:715]: Usable res: 1280 1024 75
[16:53:55][graphicssettings.cpp:715]: Usable res: 1440 900 60
[16:53:55][graphicssettings.cpp:715]: Usable res: 1600 900 60
[16:53:55][graphicssettings.cpp:715]: Usable res: 1680 1050 59
[16:53:55][graphicssettings.cpp:715]: Usable res: 1680 1050 60
[16:53:55][graphicssettings.cpp:715]: Usable res: 1920 1080 60
[16:53:55][graphicssettings.cpp:715]: Usable res: 1152 864 75
[16:53:55][graphics.cpp:934]: Done creating device.
[16:54:31][gameapplication.cpp:998]: Version: Cornflakes v1.5.4 (96b0) build time: Jun 26 2018 15:30:55
[16:57:25][graphicssettings.cpp:746]: Using multisampling: 4
