2024-06-12 17:58:03  -----------------------------------------------------------------------------------
2024-06-12 17:58:03  Ready to collect 葡萄's articles from https://talkcc.org/user/葡萄/所有帖/, page 874~1007
2024-06-12 17:58:03  Start to process Page-874
2024-06-12 17:58:04      Start to process /article/4078610-2240
2024-06-12 17:58:10      Start to process /article/4078623
2024-06-12 18:01:41  -----------------------------------------------------------------------------------
2024-06-12 18:01:41  Ready to collect 陈王奋起's articles from https://talkcc.com/user/陈王奋起/所有帖/, page 1~768
2024-06-12 18:01:41  Start to process Page-1
2024-06-12 18:01:42      Start to process /article/1809587-2225
2024-06-12 18:01:49      Start to process /article/1811292
2024-06-12 18:02:21  -----------------------------------------------------------------------------------
2024-06-12 18:02:21  Ready to collect 陈王奋起's articles from https://talkcc.com/user/陈王奋起/所有帖/, page 1~768
2024-06-12 18:02:21  Start to process Page-1
2024-06-12 18:02:22      Start to process /article/1809587-2225
2024-06-12 18:02:25      Start to process /article/1811292
2024-06-12 18:02:27      Start to process /article/2186817-2130
2024-06-12 18:02:29      Start to process /article/2204784
2024-06-12 18:02:32      Start to process /article/2204800
2024-06-12 18:02:34      Start to process /article/2205182-2130
2024-06-12 18:02:36      Start to process /article/2212108-2225
2024-06-12 18:02:38      Start to process /article/2313058
2024-06-12 18:02:41      Start to process /article/2426092
2024-06-12 18:02:43      Start to process /article/2426144-2245
2024-06-12 18:02:45      Start to process /article/2468328-2235
2024-06-12 18:02:47      Start to process /article/2489491-2530
2024-06-12 18:02:50      Start to process /article/2490119-2235
2024-06-12 18:02:52      Start to process /article/2562089-2130
2024-06-12 18:02:54      Start to process /article/2584106-2235
2024-06-12 18:02:57  Start to process Page-2
2024-06-12 18:02:58      Start to process /article/2588074-2235
2024-06-12 18:03:00      Start to process /article/2588131-2235
2024-06-12 18:03:02      Start to process /article/2600769-2235
2024-06-12 18:03:05      Start to process /article/2602579-2235
2024-06-12 18:03:07      Start to process /article/2605571-2780
2024-06-12 18:03:09      Start to process /article/2609019-2240
2024-06-12 18:03:12      Start to process /article/2618420-2530
2024-06-12 18:03:14      Start to process /article/2619276
2024-06-12 18:03:16      Start to process /article/2619601-2530
2024-06-12 18:03:18      Start to process /article/2619951-2530
2024-06-12 18:03:21      Start to process /article/2620177-2530
2024-06-12 18:03:23      Start to process /article/2621840-2530
2024-06-12 18:03:25      Start to process /article/2622935-2530
2024-06-12 18:03:28      Start to process /article/2623912-2225
2024-06-12 18:03:30      Start to process /article/2627155-2780
2024-06-12 18:03:32  Start to process Page-3
2024-06-12 18:03:34      Start to process /article/2627184
2024-06-12 18:03:36      Start to process /article/2627259
2024-06-12 18:03:38      Start to process /article/2627631-10522
2024-06-12 18:03:40      Start to process /article/2627840
2024-06-12 18:03:43      Start to process /article/2628321-2240
2024-06-12 18:03:45      Start to process /article/2629891
2024-06-12 18:03:47      Start to process /article/2630034-2235
2024-06-12 18:03:50      Start to process /article/2630608
2024-06-12 18:03:52      Start to process /article/2633903
2024-06-12 18:03:54      Start to process /article/2635550-4890
2024-06-12 18:03:56      Start to process /article/2637896-2530
2024-06-12 18:03:59      Start to process /article/2643332-2235
2024-06-12 18:04:01      Start to process /article/2645977-2780
2024-06-12 18:14:51  -----------------------------------------------------------------------------------
2024-06-12 18:14:51  Ready to collect 陈王奋起's articles from https://talkcc.com/user/陈王奋起/所有帖/, page 4~768
2024-06-12 18:14:51  Start to process Page-4
2024-06-12 18:14:54      Start to process /article/2647414-2780
2024-06-12 18:15:00      Start to process /article/2647548-2780
2024-06-12 18:15:04      Start to process /article/2647584
2024-06-12 18:15:09      Start to process /article/2647664-2235
2024-06-12 18:15:14  INFO: handle special p_tag = <p><div class="sQuote">以热爱祖国为荣，以危害祖国为耻； </div></p>
2024-06-12 18:15:15      Start to process /article/2649294-2225
2024-06-12 18:15:19      Start to process /article/2649473-2235
2024-06-12 18:15:22      Start to process /article/2649495-2780
2024-06-12 18:15:26      Start to process /article/2649539
2024-06-12 18:15:33      Start to process /article/2649850-2780
2024-06-12 18:15:37      Start to process /article/2650892-2780
2024-06-12 18:15:41      Start to process /article/2651587-2780
2024-06-12 18:15:46      Start to process /article/2651776-2780
2024-06-12 18:15:50      Start to process /article/2651789-2780
2024-06-12 18:15:53      Start to process /article/2651814-2780
2024-06-12 18:16:00      Start to process /article/2651828-2130
2024-06-12 18:16:07  Start to process Page-5
2024-06-12 18:16:11      Start to process /article/2652068
2024-06-12 18:16:16      Start to process /article/2652072
2024-06-12 18:16:20      Start to process /article/2652076
2024-06-12 18:16:23      Start to process /article/2652099
